<?xml version="1.0" encoding="UTF-8"?>
<testsuite xmlns:xsi="http://www.w3.org/2001/XMLSchema-instance" xsi:noNamespaceSchemaLocation="https://maven.apache.org/surefire/maven-surefire-plugin/xsd/surefire-test-report.xsd" name="org.example.AppTest" time="0.045" tests="1" errors="0" skipped="0" failures="0">
  <properties>
    <property name="sun.desktop" value="windows"/>
    <property name="awt.toolkit" value="sun.awt.windows.WToolkit"/>
    <property name="java.specification.version" value="11"/>
    <property name="sun.cpu.isalist" value="amd64"/>
    <property name="sun.jnu.encoding" value="Cp1252"/>
    <property name="java.class.path" value="C:\Users\mtcelec2\IdeaProjects\Maven_excel\target\test-classes;C:\Users\mtcelec2\IdeaProjects\Maven_excel\target\classes;C:\Users\mtcelec2\.m2\repository\junit\junit\4.11\junit-4.11.jar;C:\Users\mtcelec2\.m2\repository\org\hamcrest\hamcrest-core\1.3\hamcrest-core-1.3.jar;C:\Users\mtcelec2\.m2\repository\org\apache\poi\poi\4.1.1\poi-4.1.1.jar;C:\Users\mtcelec2\.m2\repository\commons-codec\commons-codec\1.13\commons-codec-1.13.jar;C:\Users\mtcelec2\.m2\repository\org\apache\commons\commons-collections4\4.4\commons-collections4-4.4.jar;C:\Users\mtcelec2\.m2\repository\org\apache\commons\commons-math3\3.6.1\commons-math3-3.6.1.jar;C:\Users\mtcelec2\.m2\repository\org\apache\poi\poi-ooxml\4.1.1\poi-ooxml-4.1.1.jar;C:\Users\mtcelec2\.m2\repository\org\apache\poi\poi-ooxml-schemas\4.1.1\poi-ooxml-schemas-4.1.1.jar;C:\Users\mtcelec2\.m2\repository\org\apache\commons\commons-compress\1.19\commons-compress-1.19.jar;C:\Users\mtcelec2\.m2\repository\com\github\virtuald\curvesapi\1.06\curvesapi-1.06.jar;C:\Users\mtcelec2\.m2\repository\org\openjfx\javafx-controls\15\javafx-controls-15.jar;C:\Users\mtcelec2\.m2\repository\org\openjfx\javafx-controls\15\javafx-controls-15-win.jar;C:\Users\mtcelec2\.m2\repository\org\openjfx\javafx-graphics\15\javafx-graphics-15.jar;C:\Users\mtcelec2\.m2\repository\org\openjfx\javafx-graphics\15\javafx-graphics-15-win.jar;C:\Users\mtcelec2\.m2\repository\org\openjfx\javafx-base\15\javafx-base-15.jar;C:\Users\mtcelec2\.m2\repository\org\openjfx\javafx-base\15\javafx-base-15-win.jar;C:\Users\mtcelec2\.m2\repository\org\jdom\jdom\1.1.3\jdom-1.1.3.jar;C:\Users\mtcelec2\.m2\repository\org\apache\xmlbeans\xmlbeans\3.1.0\xmlbeans-3.1.0.jar;"/>
    <property name="java.vm.vendor" value="AdoptOpenJDK"/>
    <property name="sun.arch.data.model" value="64"/>
    <property name="user.variant" value=""/>
    <property name="java.vendor.url" value="https://adoptopenjdk.net/"/>
    <property name="user.timezone" value="America/Los_Angeles"/>
    <property name="java.vm.specification.version" value="11"/>
    <property name="os.name" value="Windows 10"/>
    <property name="sun.java.launcher" value="SUN_STANDARD"/>
    <property name="user.country" value="CA"/>
    <property name="sun.boot.library.path" value="C:\Program Files\AdoptOpenJDK\jdk-11.0.10.9-hotspot\bin"/>
    <property name="sun.java.command" value="C:\Users\mtcelec2\AppData\Local\Temp\surefire13450679857441956639\surefirebooter5220961728066941894.jar C:\Users\mtcelec2\AppData\Local\Temp\surefire13450679857441956639 2021-02-05T09-30-21_028-jvmRun1 surefire3543444186710845120tmp surefire_015603778111142972665tmp"/>
    <property name="jdk.debug" value="release"/>
    <property name="surefire.test.class.path" value="C:\Users\mtcelec2\IdeaProjects\Maven_excel\target\test-classes;C:\Users\mtcelec2\IdeaProjects\Maven_excel\target\classes;C:\Users\mtcelec2\.m2\repository\junit\junit\4.11\junit-4.11.jar;C:\Users\mtcelec2\.m2\repository\org\hamcrest\hamcrest-core\1.3\hamcrest-core-1.3.jar;C:\Users\mtcelec2\.m2\repository\org\apache\poi\poi\4.1.1\poi-4.1.1.jar;C:\Users\mtcelec2\.m2\repository\commons-codec\commons-codec\1.13\commons-codec-1.13.jar;C:\Users\mtcelec2\.m2\repository\org\apache\commons\commons-collections4\4.4\commons-collections4-4.4.jar;C:\Users\mtcelec2\.m2\repository\org\apache\commons\commons-math3\3.6.1\commons-math3-3.6.1.jar;C:\Users\mtcelec2\.m2\repository\org\apache\poi\poi-ooxml\4.1.1\poi-ooxml-4.1.1.jar;C:\Users\mtcelec2\.m2\repository\org\apache\poi\poi-ooxml-schemas\4.1.1\poi-ooxml-schemas-4.1.1.jar;C:\Users\mtcelec2\.m2\repository\org\apache\commons\commons-compress\1.19\commons-compress-1.19.jar;C:\Users\mtcelec2\.m2\repository\com\github\virtuald\curvesapi\1.06\curvesapi-1.06.jar;C:\Users\mtcelec2\.m2\repository\org\openjfx\javafx-controls\15\javafx-controls-15.jar;C:\Users\mtcelec2\.m2\repository\org\openjfx\javafx-controls\15\javafx-controls-15-win.jar;C:\Users\mtcelec2\.m2\repository\org\openjfx\javafx-graphics\15\javafx-graphics-15.jar;C:\Users\mtcelec2\.m2\repository\org\openjfx\javafx-graphics\15\javafx-graphics-15-win.jar;C:\Users\mtcelec2\.m2\repository\org\openjfx\javafx-base\15\javafx-base-15.jar;C:\Users\mtcelec2\.m2\repository\org\openjfx\javafx-base\15\javafx-base-15-win.jar;C:\Users\mtcelec2\.m2\repository\org\jdom\jdom\1.1.3\jdom-1.1.3.jar;C:\Users\mtcelec2\.m2\repository\org\apache\xmlbeans\xmlbeans\3.1.0\xmlbeans-3.1.0.jar;"/>
    <property name="sun.cpu.endian" value="little"/>
    <property name="user.home" value="C:\Users\mtcelec2"/>
    <property name="user.language" value="en"/>
    <property name="java.specification.vendor" value="Oracle Corporation"/>
    <property name="java.version.date" value="2021-01-19"/>
    <property name="java.home" value="C:\Program Files\AdoptOpenJDK\jdk-11.0.10.9-hotspot"/>
    <property name="file.separator" value="\"/>
    <property name="basedir" value="C:\Users\mtcelec2\IdeaProjects\Maven_excel"/>
    <property name="java.vm.compressedOopsMode" value="32-bit"/>
    <property name="line.separator" value="&#10;"/>
    <property name="java.specification.name" value="Java Platform API Specification"/>
    <property name="java.vm.specification.vendor" value="Oracle Corporation"/>
    <property name="java.awt.graphicsenv" value="sun.awt.Win32GraphicsEnvironment"/>
    <property name="surefire.real.class.path" value="C:\Users\mtcelec2\AppData\Local\Temp\surefire13450679857441956639\surefirebooter5220961728066941894.jar"/>
    <property name="user.script" value=""/>
    <property name="sun.management.compiler" value="HotSpot 64-Bit Tiered Compilers"/>
    <property name="java.runtime.version" value="11.0.10+9"/>
    <property name="user.name" value="mtcelec2"/>
    <property name="path.separator" value=";"/>
    <property name="os.version" value="10.0"/>
    <property name="java.runtime.name" value="OpenJDK Runtime Environment"/>
    <property name="file.encoding" value="Cp1252"/>
    <property name="java.vm.name" value="OpenJDK 64-Bit Server VM"/>
    <property name="java.vendor.version" value="AdoptOpenJDK"/>
    <property name="localRepository" value="C:\Users\mtcelec2\.m2\repository"/>
    <property name="java.vendor.url.bug" value="https://github.com/AdoptOpenJDK/openjdk-support/issues"/>
    <property name="java.io.tmpdir" value="C:\Users\mtcelec2\AppData\Local\Temp\"/>
    <property name="idea.version" value="2020.3.2"/>
    <property name="java.version" value="11.0.10"/>
    <property name="user.dir" value="C:\Users\mtcelec2\IdeaProjects\Maven_excel"/>
    <property name="os.arch" value="amd64"/>
    <property name="java.vm.specification.name" value="Java Virtual Machine Specification"/>
    <property name="java.awt.printerjob" value="sun.awt.windows.WPrinterJob"/>
    <property name="sun.os.patch.level" value=""/>
    <property name="java.library.path" value="C:\Program Files\AdoptOpenJDK\jdk-11.0.10.9-hotspot\bin;C:\WINDOWS\Sun\Java\bin;C:\WINDOWS\system32;C:\WINDOWS;C:\Program Files\AdoptOpenJDK\jdk-11.0.10.9-hotspot\bin;C:\Program Files (x86)\ImageMagick-7.0.10-Q16;C:\Program Files\ImageMagick-7.0.10-Q16-HDRI;C:\Program Files (x86)\Common Files\Oracle\Java\javapath;C:\Program Files (x86)\NVIDIA Corporation\PhysX\Common;C:\Program Files (x86)\Measurement Computing\DAQ\;C:\WINDOWS\system32;C:\WINDOWS;C:\WINDOWS\System32\Wbem;C:\WINDOWS\System32\WindowsPowerShell\v1.0\;C:\Program Files\dotnet\;C:\Program Files\Microsoft SQL Server\130\Tools\Binn\;C:\Program Files\MATLAB\MATLAB Runtime\v96\runtime\win64;C:\WINDOWS\System32\OpenSSH\;C:\Program Files\MATLAB\R2019a\bin;C:\Program Files\MATLAB\MATLAB Runtime\v94\runtime\win64;C:\Program Files (x86)\IVI Foundation\VISA\WinNT\Bin\;C:\Program Files\IVI Foundation\VISA\Win64\Bin\;C:\Program Files (x86)\IVI Foundation\VISA\WinNT\Bin;C:\Program Files (x86)\IVI Foundation\IVI\bin;C:\Program Files\IVI Foundation\IVI\bin;C:\Program Files\PuTTY\;C:\Program Files (x86)\Windows Kits\8.1\Windows Performance Toolkit\;C:\Program Files\Microsoft SQL Server\Client SDK\ODBC\170\Tools\Binn\;C:\Program Files\Git\cmd;C:\Program Files\nodejs\;C:\Users\mtcelec2\AppData\Local\Programs\Python\Python38-32\Scripts\;C:\Users\mtcelec2\AppData\Local\Programs\Python\Python38-32\;C:\Users\mtcelec2\AppData\Local\Microsoft\WindowsApps;C:\Users\mtcelec2\AppData\Local\Programs\Microsoft VS Code\bin;C:\Users\mtcelec2\AppData\Local\GitHubDesktop\bin;C:\Users\mtcelec2\AppData\Roaming\npm;C:\Users\mtcelec2\AppData\Local\Android\Sdk\platform-tools;;."/>
    <property name="java.vm.info" value="mixed mode"/>
    <property name="java.vendor" value="AdoptOpenJDK"/>
    <property name="java.vm.version" value="11.0.10+9"/>
    <property name="sun.io.unicode.encoding" value="UnicodeLittle"/>
    <property name="java.class.version" value="55.0"/>
  </properties>
  <testcase name="shouldAnswerWithTrue" classname="org.example.AppTest" time="0.002"/>
</testsuite>